android/app/build/intermediates/manifest_merge_blame_file/debug/manifest-merger-blame-debug-report.txt
1<?xml version="1.0" encoding="utf-8"?>
2<manifest xmlns:android="http://schemas.android.com/apk/res/android"
3    package="com.clonesayurcuy"
4    android:versionCode="1"
5    android:versionName="1.0" >
6
7    <uses-sdk
8        android:minSdkVersion="16"
9        android:targetSdkVersion="28" />
10
11    <uses-permission android:name="android.permission.SYSTEM_ALERT_WINDOW" />
11-->src/debug/AndroidManifest.xml:5:5-77
11-->src/debug/AndroidManifest.xml:5:22-75
12    <uses-permission android:name="android.permission.INTERNET" />
12-->src/main/AndroidManifest.xml:4:5-67
12-->src/main/AndroidManifest.xml:4:22-64
13    <uses-permission android:name="android.permission.ACCESS_WIFI_STATE" />
13-->[com.facebook.flipper:flipper:0.33.1] AndroidManifest.xml:16:5-76
13-->[com.facebook.flipper:flipper:0.33.1] AndroidManifest.xml:16:22-73
14    <uses-permission android:name="com.google.android.finsky.permission.BIND_GET_INSTALL_REFERRER_SERVICE" />
14-->[com.android.installreferrer:installreferrer:1.0] AndroidManifest.xml:9:5-110
14-->[com.android.installreferrer:installreferrer:1.0] AndroidManifest.xml:9:22-107
15
16    <application
16-->src/main/AndroidManifest.xml:6:5-25:19
17        android:name="com.clonesayurcuy.MainApplication"
17-->src/main/AndroidManifest.xml:7:7-38
18        android:allowBackup="false"
18-->src/main/AndroidManifest.xml:11:7-34
19        android:appComponentFactory="androidx.core.app.CoreComponentFactory"
19-->[androidx.core:core:1.1.0] AndroidManifest.xml:24:18-86
20        android:debuggable="true"
21        android:icon="@mipmap/ic_launcher"
21-->src/main/AndroidManifest.xml:9:7-41
22        android:label="@string/app_name"
22-->src/main/AndroidManifest.xml:8:7-39
23        android:roundIcon="@mipmap/ic_launcher_round"
23-->src/main/AndroidManifest.xml:10:7-52
24        android:supportsRtl="true"
24-->[com.facebook.android:facebook-android-sdk:5.15.3] AndroidManifest.xml:28:18-44
25        android:theme="@style/AppTheme"
25-->src/main/AndroidManifest.xml:12:7-38
26        android:usesCleartextTraffic="true" >
26-->src/debug/AndroidManifest.xml:7:18-53
27        <activity
27-->src/main/AndroidManifest.xml:13:7-23:18
28            android:name="com.clonesayurcuy.MainActivity"
28-->src/main/AndroidManifest.xml:14:9-37
29            android:configChanges="keyboard|keyboardHidden|orientation|screenSize|uiMode"
29-->src/main/AndroidManifest.xml:16:9-86
30            android:label="@string/app_name"
30-->src/main/AndroidManifest.xml:15:9-41
31            android:launchMode="singleTask"
31-->src/main/AndroidManifest.xml:17:9-40
32            android:windowSoftInputMode="adjustResize" >
32-->src/main/AndroidManifest.xml:18:9-51
33            <intent-filter>
33-->src/main/AndroidManifest.xml:19:9-22:25
34                <action android:name="android.intent.action.MAIN" />
34-->src/main/AndroidManifest.xml:20:13-65
34-->src/main/AndroidManifest.xml:20:21-62
35
36                <category android:name="android.intent.category.LAUNCHER" />
36-->src/main/AndroidManifest.xml:21:13-73
36-->src/main/AndroidManifest.xml:21:23-70
37            </intent-filter>
38        </activity>
39        <activity android:name="com.facebook.react.devsupport.DevSettingsActivity" />
39-->src/main/AndroidManifest.xml:24:7-84
39-->src/main/AndroidManifest.xml:24:17-81
40        <activity
40-->[com.facebook.android:facebook-common:5.15.3] AndroidManifest.xml:30:9-33:66
41            android:name="com.facebook.FacebookActivity"
41-->[com.facebook.android:facebook-common:5.15.3] AndroidManifest.xml:31:13-57
42            android:configChanges="keyboard|keyboardHidden|screenLayout|screenSize|orientation"
42-->[com.facebook.android:facebook-common:5.15.3] AndroidManifest.xml:32:13-96
43            android:theme="@style/com_facebook_activity_theme" />
43-->[com.facebook.android:facebook-common:5.15.3] AndroidManifest.xml:33:13-63
44        <activity android:name="com.facebook.CustomTabMainActivity" />
44-->[com.facebook.android:facebook-common:5.15.3] AndroidManifest.xml:34:9-71
44-->[com.facebook.android:facebook-common:5.15.3] AndroidManifest.xml:34:19-68
45        <activity
45-->[com.facebook.android:facebook-common:5.15.3] AndroidManifest.xml:35:9-49:20
46            android:name="com.facebook.CustomTabActivity"
46-->[com.facebook.android:facebook-common:5.15.3] AndroidManifest.xml:36:13-58
47            android:exported="true" >
47-->[com.facebook.android:facebook-common:5.15.3] AndroidManifest.xml:37:13-36
48            <intent-filter>
48-->[com.facebook.android:facebook-common:5.15.3] AndroidManifest.xml:39:13-48:29
49                <action android:name="android.intent.action.VIEW" />
49-->[com.facebook.android:facebook-common:5.15.3] AndroidManifest.xml:40:17-69
49-->[com.facebook.android:facebook-common:5.15.3] AndroidManifest.xml:40:25-66
50
51                <category android:name="android.intent.category.DEFAULT" />
51-->[com.facebook.android:facebook-common:5.15.3] AndroidManifest.xml:42:17-76
51-->[com.facebook.android:facebook-common:5.15.3] AndroidManifest.xml:42:27-73
52                <category android:name="android.intent.category.BROWSABLE" />
52-->[com.facebook.android:facebook-common:5.15.3] AndroidManifest.xml:43:17-78
52-->[com.facebook.android:facebook-common:5.15.3] AndroidManifest.xml:43:27-75
53
54                <data
54-->[com.facebook.android:facebook-common:5.15.3] AndroidManifest.xml:45:17-47:50
55                    android:host="cct.com.clonesayurcuy"
55-->[com.facebook.android:facebook-common:5.15.3] AndroidManifest.xml:46:21-56
56                    android:scheme="fbconnect" />
56-->[com.facebook.android:facebook-common:5.15.3] AndroidManifest.xml:47:21-47
57            </intent-filter>
58        </activity>
59        <!--
60         The initialization ContentProvider will call FacebookSdk.sdkInitialize automatically
61         with the application context. This config is merged in with the host app's manifest,
62         but there can only be one provider with the same authority activated at any given
63         point; so if the end user has two or more different apps that use Facebook SDK, only the
64         first one will be able to use the provider. To work around this problem, we use the
65         following placeholder in the authority to identify each host application as if it was
66         a completely different provider.
67        -->
68        <provider
68-->[com.facebook.android:facebook-core:5.15.3] AndroidManifest.xml:39:9-42:40
69            android:name="com.facebook.internal.FacebookInitProvider"
69-->[com.facebook.android:facebook-core:5.15.3] AndroidManifest.xml:40:13-70
70            android:authorities="com.clonesayurcuy.FacebookInitProvider"
70-->[com.facebook.android:facebook-core:5.15.3] AndroidManifest.xml:41:13-72
71            android:exported="false" />
71-->[com.facebook.android:facebook-core:5.15.3] AndroidManifest.xml:42:13-37
72
73        <receiver
73-->[com.facebook.android:facebook-core:5.15.3] AndroidManifest.xml:44:9-50:20
74            android:name="com.facebook.CurrentAccessTokenExpirationBroadcastReceiver"
74-->[com.facebook.android:facebook-core:5.15.3] AndroidManifest.xml:45:13-86
75            android:exported="false" >
75-->[com.facebook.android:facebook-core:5.15.3] AndroidManifest.xml:46:13-37
76            <intent-filter>
76-->[com.facebook.android:facebook-core:5.15.3] AndroidManifest.xml:47:13-49:29
77                <action android:name="com.facebook.sdk.ACTION_CURRENT_ACCESS_TOKEN_CHANGED" />
77-->[com.facebook.android:facebook-core:5.15.3] AndroidManifest.xml:48:17-95
77-->[com.facebook.android:facebook-core:5.15.3] AndroidManifest.xml:48:25-92
78            </intent-filter>
79        </receiver>
80    </application>
81
82</manifest>